<?xml version="1.0" encoding="UTF-8"?>
<!-- Generated by org.testng.reporters.JUnitReportReporter -->
<testsuite hostname="baby" failures="0" tests="1" name="testCases.TC_002_LoginTest" time="2.158" errors="0" timestamp="2023-11-19T10:04:25 EST" skipped="0">
  <testcase classname="testCases.TC_002_LoginTest" name="Test_Login" time="2.158"/>
  <system-out/>
</testsuite> <!-- testCases.TC_002_LoginTest -->
