<?xml version="1.0" encoding="UTF-8"?>
<!-- Generated by org.testng.reporters.JUnitReportReporter -->
<testsuite hostname="Efsanas-MBP.lan" failures="0" tests="1" name="testCases.TC_002_LoginTest" time="1.847" errors="0" timestamp="2023-11-07T21:19:49 EST" skipped="0">
  <testcase classname="testCases.TC_002_LoginTest" name="Test_Login" time="1.847"/>
</testsuite> <!-- testCases.TC_002_LoginTest -->
