<?xml version="1.0" encoding="UTF-8"?>
<!-- Generated by org.testng.reporters.JUnitReportReporter -->
<testsuite hostname="Efsanas-MBP.lan" failures="0" tests="5" name="testCases.TC_003_LoginDataDrivenTest" time="41.162" errors="0" timestamp="2023-11-07T19:16:34 EST" skipped="0">
  <testcase classname="testCases.TC_003_LoginDataDrivenTest" name="test_loginDDT" time="3.197"/>
  <testcase classname="testCases.TC_003_LoginDataDrivenTest" name="test_loginDDT" time="11.918"/>
  <testcase classname="testCases.TC_003_LoginDataDrivenTest" name="test_loginDDT" time="11.310"/>
  <testcase classname="testCases.TC_003_LoginDataDrivenTest" name="test_loginDDT" time="11.257"/>
  <testcase classname="testCases.TC_003_LoginDataDrivenTest" name="test_loginDDT" time="3.480"/>
</testsuite> <!-- testCases.TC_003_LoginDataDrivenTest -->
