<?xml version="1.0" encoding="UTF-8"?>
<!-- Generated by org.testng.reporters.JUnitReportReporter -->
<testsuite hostname="Efsanas-MBP.lan" failures="0" tests="1" name="testCases.TC_001_AccountRegistrationTest" time="2.600" errors="0" timestamp="2023-11-08T00:36:50 EST" skipped="0">
  <testcase classname="testCases.TC_001_AccountRegistrationTest" name="test_account_Registration" time="2.600"/>
</testsuite> <!-- testCases.TC_001_AccountRegistrationTest -->
